#! /opt/homebrew/Cellar/icarus-verilog/11.0/bin/vvp
:ivl_version "11.0 (stable)";
:ivl_delay_selection "TYPICAL";
:vpi_time_precision + 0;
:vpi_module "/opt/homebrew/Cellar/icarus-verilog/11.0/lib/ivl/system.vpi";
:vpi_module "/opt/homebrew/Cellar/icarus-verilog/11.0/lib/ivl/vhdl_sys.vpi";
:vpi_module "/opt/homebrew/Cellar/icarus-verilog/11.0/lib/ivl/vhdl_textio.vpi";
:vpi_module "/opt/homebrew/Cellar/icarus-verilog/11.0/lib/ivl/v2005_math.vpi";
:vpi_module "/opt/homebrew/Cellar/icarus-verilog/11.0/lib/ivl/va_math.vpi";
:vpi_module "/opt/homebrew/Cellar/icarus-verilog/11.0/lib/ivl/v2009.vpi";
S_0x128704400 .scope package, "$unit" "$unit" 2 1;
 .timescale 0 0;
S_0x128704570 .scope module, "register_file" "register_file" 3 1;
 .timescale 0 0;
    .port_info 0 /INPUT 1 "clk";
    .port_info 1 /INPUT 32 "instr_buffer_read_addr";
    .port_info 2 /OUTPUT 168 "instr_buffer_read_data";
    .port_info 3 /INPUT 63 "retirement_write_data";
v0x60000063c7e0_0 .array/port v0x60000063c7e0, 0;
L_0x600001f384d0 .functor BUFZ 4, v0x60000063c7e0_0, C4<0000>, C4<0000>, C4<0000>;
v0x60000063c7e0_1 .array/port v0x60000063c7e0, 1;
L_0x600001f38540 .functor BUFZ 4, v0x60000063c7e0_1, C4<0000>, C4<0000>, C4<0000>;
v0x60000063c7e0_2 .array/port v0x60000063c7e0, 2;
L_0x600001f385b0 .functor BUFZ 4, v0x60000063c7e0_2, C4<0000>, C4<0000>, C4<0000>;
v0x60000063c7e0_3 .array/port v0x60000063c7e0, 3;
L_0x600001f38620 .functor BUFZ 4, v0x60000063c7e0_3, C4<0000>, C4<0000>, C4<0000>;
v0x60000063c7e0_4 .array/port v0x60000063c7e0, 4;
L_0x600001f38690 .functor BUFZ 4, v0x60000063c7e0_4, C4<0000>, C4<0000>, C4<0000>;
v0x60000063c7e0_5 .array/port v0x60000063c7e0, 5;
L_0x600001f38700 .functor BUFZ 4, v0x60000063c7e0_5, C4<0000>, C4<0000>, C4<0000>;
v0x60000063c7e0_6 .array/port v0x60000063c7e0, 6;
L_0x600001f38770 .functor BUFZ 4, v0x60000063c7e0_6, C4<0000>, C4<0000>, C4<0000>;
v0x60000063c7e0_7 .array/port v0x60000063c7e0, 7;
L_0x600001f387e0 .functor BUFZ 4, v0x60000063c7e0_7, C4<0000>, C4<0000>, C4<0000>;
v0x60000063c5a0 .array "busy", 0 15, 0 0;
o0x120030070 .functor BUFZ 1, C4<z>; HiZ drive
v0x60000063c630_0 .net "clk", 0 0, o0x120030070;  0 drivers
v0x60000063c6c0 .array "instr_buffer_read_addr", 0 7;
v0x60000063c6c0_0 .net v0x60000063c6c0 0, 3 0, L_0x600001f384d0; 1 drivers
v0x60000063c6c0_1 .net v0x60000063c6c0 1, 3 0, L_0x600001f38540; 1 drivers
v0x60000063c6c0_2 .net v0x60000063c6c0 2, 3 0, L_0x600001f385b0; 1 drivers
v0x60000063c6c0_3 .net v0x60000063c6c0 3, 3 0, L_0x600001f38620; 1 drivers
v0x60000063c6c0_4 .net v0x60000063c6c0 4, 3 0, L_0x600001f38690; 1 drivers
v0x60000063c6c0_5 .net v0x60000063c6c0 5, 3 0, L_0x600001f38700; 1 drivers
v0x60000063c6c0_6 .net v0x60000063c6c0 6, 3 0, L_0x600001f38770; 1 drivers
v0x60000063c6c0_7 .net v0x60000063c6c0 7, 3 0, L_0x600001f387e0; 1 drivers
o0x120030220 .functor BUFZ 21, C4<zzzzzzzzzzzzzzzzzzzzz>; HiZ drive
v0x60000063c750 .array "instr_buffer_read_data", 0 7;
v0x60000063c750_0 .net v0x60000063c750 0, 20 0, o0x120030220; 0 drivers
o0x120030250 .functor BUFZ 21, C4<zzzzzzzzzzzzzzzzzzzzz>; HiZ drive
v0x60000063c750_1 .net v0x60000063c750 1, 20 0, o0x120030250; 0 drivers
o0x120030280 .functor BUFZ 21, C4<zzzzzzzzzzzzzzzzzzzzz>; HiZ drive
v0x60000063c750_2 .net v0x60000063c750 2, 20 0, o0x120030280; 0 drivers
o0x1200302b0 .functor BUFZ 21, C4<zzzzzzzzzzzzzzzzzzzzz>; HiZ drive
v0x60000063c750_3 .net v0x60000063c750 3, 20 0, o0x1200302b0; 0 drivers
o0x1200302e0 .functor BUFZ 21, C4<zzzzzzzzzzzzzzzzzzzzz>; HiZ drive
v0x60000063c750_4 .net v0x60000063c750 4, 20 0, o0x1200302e0; 0 drivers
o0x120030310 .functor BUFZ 21, C4<zzzzzzzzzzzzzzzzzzzzz>; HiZ drive
v0x60000063c750_5 .net v0x60000063c750 5, 20 0, o0x120030310; 0 drivers
o0x120030340 .functor BUFZ 21, C4<zzzzzzzzzzzzzzzzzzzzz>; HiZ drive
v0x60000063c750_6 .net v0x60000063c750 6, 20 0, o0x120030340; 0 drivers
o0x120030370 .functor BUFZ 21, C4<zzzzzzzzzzzzzzzzzzzzz>; HiZ drive
v0x60000063c750_7 .net v0x60000063c750 7, 20 0, o0x120030370; 0 drivers
v0x60000063c7e0 .array "m_instr_buffer_read_data", 0 7, 20 0;
v0x60000063c870 .array "owner", 0 15, 3 0;
o0x120030520 .functor BUFZ 21, C4<zzzzzzzzzzzzzzzzzzzzz>; HiZ drive
v0x60000063c900 .array "retirement_write_data", 0 2;
v0x60000063c900_0 .net v0x60000063c900 0, 20 0, o0x120030520; 0 drivers
o0x120030550 .functor BUFZ 21, C4<zzzzzzzzzzzzzzzzzzzzz>; HiZ drive
v0x60000063c900_1 .net v0x60000063c900 1, 20 0, o0x120030550; 0 drivers
o0x120030580 .functor BUFZ 21, C4<zzzzzzzzzzzzzzzzzzzzz>; HiZ drive
v0x60000063c900_2 .net v0x60000063c900 2, 20 0, o0x120030580; 0 drivers
v0x60000063c990 .array "values", 0 15, 15 0;
E_0x600003a38210 .event posedge, v0x60000063c630_0;
S_0x1287062b0 .scope begin, "$unm_blk_1" "$unm_blk_1" 3 17, 3 17 0, S_0x128704570;
 .timescale 0 0;
v0x60000063c480_0 .var/i "i", 31 0;
v0x60000063c510_0 .var/i "j", 31 0;
    .scope S_0x128704570;
T_0 ;
    %wait E_0x600003a38210;
    %fork t_1, S_0x1287062b0;
    %jmp t_0;
    .scope S_0x1287062b0;
t_1 ;
    %pushi/vec4 0, 0, 32;
    %store/vec4 v0x60000063c480_0, 0, 32;
T_0.0 ;
    %load/vec4 v0x60000063c480_0;
    %cmpi/s 8, 0, 32;
    %jmp/0xz T_0.1, 5;
    %ix/getv/s 5, v0x60000063c480_0;
    %load/vec4a v0x60000063c6c0, 5;
    %pad/u 6;
    %ix/vec4 4;
    %load/vec4a v0x60000063c990, 4;
    %ix/getv/s 5, v0x60000063c480_0;
    %load/vec4a v0x60000063c6c0, 5;
    %pad/u 6;
    %ix/vec4 4;
    %load/vec4a v0x60000063c5a0, 4;
    %concat/vec4; draw_concat_vec4
    %ix/getv/s 5, v0x60000063c480_0;
    %load/vec4a v0x60000063c6c0, 5;
    %pad/u 6;
    %ix/vec4 4;
    %load/vec4a v0x60000063c870, 4;
    %concat/vec4; draw_concat_vec4
    %ix/getv/s 3, v0x60000063c480_0;
    %ix/load 4, 0, 0; Constant delay
    %assign/vec4/a/d v0x60000063c7e0, 0, 4;
    ; show_stmt_assign_vector: Get l-value for compressed += operand
    %load/vec4 v0x60000063c480_0;
    %pushi/vec4 1, 0, 32;
    %add;
    %store/vec4 v0x60000063c480_0, 0, 32;
    %jmp T_0.0;
T_0.1 ;
    %pushi/vec4 0, 0, 32;
    %store/vec4 v0x60000063c510_0, 0, 32;
T_0.2 ;
    %load/vec4 v0x60000063c510_0;
    %cmpi/s 3, 0, 32;
    %jmp/0xz T_0.3, 5;
    %ix/getv/s 4, v0x60000063c510_0;
    %load/vec4a v0x60000063c900, 4;
    %parti/s 1, 0, 2;
    %flag_set/vec4 8;
    %jmp/0xz  T_0.4, 8;
    %ix/getv/s 4, v0x60000063c510_0;
    %load/vec4a v0x60000063c900, 4;
    %parti/s 16, 5, 4;
    %ix/getv/s 4, v0x60000063c510_0;
    %load/vec4a v0x60000063c900, 4;
    %parti/s 4, 1, 2;
    %pad/u 6;
    %ix/vec4 3;
    %ix/load 4, 0, 0; Constant delay
    %assign/vec4/a/d v0x60000063c990, 0, 4;
T_0.4 ;
    ; show_stmt_assign_vector: Get l-value for compressed += operand
    %load/vec4 v0x60000063c510_0;
    %pushi/vec4 1, 0, 32;
    %add;
    %store/vec4 v0x60000063c510_0, 0, 32;
    %jmp T_0.2;
T_0.3 ;
    %end;
    .scope S_0x128704570;
t_0 %join;
    %jmp T_0;
    .thread T_0;
# The file index is used to find the file name in the following table.
:file_names 4;
    "N/A";
    "<interactive>";
    "-";
    "register_file.v";
